<?xml version="1.0" encoding="UTF-8"?>
<!-- Generated by org.testng.reporters.JUnitReportReporter -->
<testsuite hostname="DESKTOP-K5I7HJA" failures="0" tests="3" name="test.SwagLabLoginTesting" time="91.444" errors="0" timestamp="2022-11-03T15:43:59 IST" skipped="0">
  <testcase classname="test.SwagLabLoginTesting" name="loginWithValidCredentials" time="32.698"/>
  <system-out/>
  <testcase classname="test.SwagLabLoginTesting" name="loginWithValidCredentials" time="32.779"/>
  <system-out/>
  <testcase classname="test.SwagLabLoginTesting" name="loginWithValidCredentials" time="25.967"/>
  <system-out/>
</testsuite> <!-- test.SwagLabLoginTesting -->
